<?xml version="1.0" encoding="UTF-8"?>
<!-- Generated by org.testng.reporters.JUnitReportReporter -->
<testsuite hostname="Siddeque-PC" failures="0" tests="1" name="JenkinsTest.testJenkins" time="0.014" errors="0" timestamp="2022-07-12T21:36:24 CDT" skipped="0">
  <testcase classname="JenkinsTest.testJenkins" name="jenkinTest" time="0.014"/>
  <system-out/>
</testsuite> <!-- JenkinsTest.testJenkins -->
